<?xml version="1.0" encoding="UTF-8"?>
<!-- Generated by org.testng.reporters.JUnitReportReporter -->
<testsuite skipped="0" hostname="dm" name="com.w2a.testcases.LoginTest" tests="1" failures="0" timestamp="12 Nov 2019 06:40:00 GMT" time="13.073" errors="0">
  <testcase name="loginAs3deureka" time="13.073" classname="com.w2a.testcases.LoginTest"/>
</testsuite> <!-- com.w2a.testcases.LoginTest -->
