<?xml version="1.0" encoding="UTF-8"?>
<!-- Generated by org.testng.reporters.JUnitReportReporter -->
<testsuite skipped="0" hostname="dm" name="com.w2a.testcases.DesignmateLoginTest" tests="3" failures="0" timestamp="27 Nov 2019 07:15:08 GMT" time="11.740" errors="0">
  <testcase name="designmateLogintest" time="4.790" classname="com.w2a.testcases.DesignmateLoginTest"/>
  <testcase name="designmateLogintest" time="3.340" classname="com.w2a.testcases.DesignmateLoginTest"/>
  <testcase name="designmateLogintest" time="3.610" classname="com.w2a.testcases.DesignmateLoginTest"/>
</testsuite> <!-- com.w2a.testcases.DesignmateLoginTest -->
