<?xml version="1.0" encoding="UTF-8"?>
<!-- Generated by org.testng.reporters.JUnitReportReporter -->
<testsuite skipped="0" hostname="dm" name="com.w2a.testcases.EurekaLoginTest" tests="1" failures="0" timestamp="12 Nov 2019 07:00:06 GMT" time="18.854" errors="0">
  <testcase name="loginAs3deureka" time="18.854" classname="com.w2a.testcases.EurekaLoginTest"/>
</testsuite> <!-- com.w2a.testcases.EurekaLoginTest -->
